[debug] [2023-08-28T15:49:48.819Z] ----------------------------------------------------------------------
[debug] [2023-08-28T15:49:48.840Z] Command:       C:\Program Files\nodejs\node.exe C:\Users\MAHADI\AppData\Roaming\npm\node_modules\firebase-tools\lib\bin\firebase.js init
[debug] [2023-08-28T15:49:48.841Z] CLI Version:   11.8.1
[debug] [2023-08-28T15:49:48.842Z] Platform:      win32
[debug] [2023-08-28T15:49:48.843Z] Node Version:  v16.18.0
[debug] [2023-08-28T15:49:48.998Z] Time:          Mon Aug 28 2023 16:49:48 GMT+0100 (West Africa Standard Time)
[debug] [2023-08-28T15:49:48.999Z] ----------------------------------------------------------------------
[debug] 
[debug] [2023-08-28T15:49:49.008Z] >>> [apiv2][query] GET https://firebase-public.firebaseio.com/cli.json [none]
[debug] [2023-08-28T15:49:49.155Z] > command requires scopes: ["email","openid","https://www.googleapis.com/auth/cloudplatformprojects.readonly","https://www.googleapis.com/auth/firebase","https://www.googleapis.com/auth/cloud-platform"]
[debug] [2023-08-28T15:49:49.155Z] > authorizing via signed-in user (mamt4real@gmail.com)
[info] 
     ######## #### ########  ######## ########     ###     ######  ########
     ##        ##  ##     ## ##       ##     ##  ##   ##  ##       ##
     ######    ##  ########  ######   ########  #########  ######  ######
     ##        ##  ##    ##  ##       ##     ## ##     ##       ## ##
     ##       #### ##     ## ######## ########  ##     ##  ######  ########

You're about to initialize a Firebase project in this directory:

  C:\Users\MAHADI\Documents\GitHub\undergrad_final_project

Before we get started, keep in mind:

  * You are initializing within an existing Firebase project directory

[debug] [2023-08-28T15:49:50.692Z] <<< [apiv2][status] GET https://firebase-public.firebaseio.com/cli.json 200
[debug] [2023-08-28T15:49:50.693Z] <<< [apiv2][body] GET https://firebase-public.firebaseio.com/cli.json {"cloudBuildErrorAfter":1594252800000,"cloudBuildWarnAfter":1590019200000,"defaultNode10After":1594252800000,"minVersion":"3.0.5","node8DeploysDisabledAfter":1613390400000,"node8RuntimeDisabledAfter":1615809600000,"node8WarnAfter":1600128000000}
[info] 
=== Project Setup
[info] 
[info] First, let's associate this project directory with a Firebase project.
[info] You can create multiple project aliases by running firebase use --add, 
[info] but for now we'll just set up a default project.
[info] 
[debug] [2023-08-28T15:50:17.962Z] Using project from CLI flag: alfikra-invoice
[debug] [2023-08-28T15:50:17.963Z] > refreshing access token with scopes: []
[debug] [2023-08-28T15:50:17.964Z] >>> [apiv2][query] POST https://www.googleapis.com/oauth2/v3/token [none]
[debug] [2023-08-28T15:50:17.964Z] >>> [apiv2][body] POST https://www.googleapis.com/oauth2/v3/token [omitted]
[debug] [2023-08-28T15:50:18.840Z] <<< [apiv2][status] POST https://www.googleapis.com/oauth2/v3/token 200
[debug] [2023-08-28T15:50:18.841Z] <<< [apiv2][body] POST https://www.googleapis.com/oauth2/v3/token [omitted]
[debug] [2023-08-28T15:50:19.034Z] >>> [apiv2][query] GET https://firebase.googleapis.com/v1beta1/projects/alfikra-invoice [none]
[debug] [2023-08-28T15:50:20.312Z] <<< [apiv2][status] GET https://firebase.googleapis.com/v1beta1/projects/alfikra-invoice 200
[debug] [2023-08-28T15:50:20.312Z] <<< [apiv2][body] GET https://firebase.googleapis.com/v1beta1/projects/alfikra-invoice {"projectId":"alfikra-invoice","projectNumber":"662471360909","displayName":"alfikra-invoice","name":"projects/alfikra-invoice","resources":{"hostingSite":"alfikra-invoice"},"state":"ACTIVE","etag":"1_28848185-c6b8-48d8-9059-74b86a7a5102"}
[info] i  Using project alfikra-invoice (alfikra-invoice) 
[info] 
=== Hosting:github Setup
[info] 
[info] i  Detected a .git folder at C:\Users\MAHADI\Documents\GitHub\undergrad_final_project 
[info] i  Authorizing with GitHub to upload your service account to a GitHub repository's secrets store. 
[info] 
[info] Visit this URL on this device to log in:
[info] https://github.com/login/oauth/authorize?client_id=89cf50f02ac6aaed3484&state=329681790&redirect_uri=http%3A%2F%2Flocalhost%3A9005&scope=read%3Auser%20repo%20public_repo
[info] 
[info] Waiting for authentication...
[debug] [2023-08-28T15:50:57.984Z] >>> [apiv2][query] POST https://github.com/login/oauth/access_token [none]
[debug] [2023-08-28T15:50:57.984Z] >>> [apiv2][body] POST https://github.com/login/oauth/access_token [stream]
[debug] [2023-08-28T15:50:59.054Z] <<< [apiv2][status] POST https://github.com/login/oauth/access_token 200
[debug] [2023-08-28T15:50:59.054Z] <<< [apiv2][body] POST https://github.com/login/oauth/access_token {"access_token":"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","token_type":"bearer","scope":"read:user,repo"}
[debug] [2023-08-28T15:50:59.105Z] >>> [apiv2][query] GET https://api.github.com/user [none]
[debug] [2023-08-28T15:51:00.015Z] <<< [apiv2][status] GET https://api.github.com/user 200
[debug] [2023-08-28T15:51:00.016Z] <<< [apiv2][body] GET https://api.github.com/user {"login":"mamt4real","id":61785589,"node_id":"MDQ6VXNlcjYxNzg1NTg5","avatar_url":"https://avatars.githubusercontent.com/u/61785589?v=4","gravatar_id":"","url":"https://api.github.com/users/mamt4real","html_url":"https://github.com/mamt4real","followers_url":"https://api.github.com/users/mamt4real/followers","following_url":"https://api.github.com/users/mamt4real/following{/other_user}","gists_url":"https://api.github.com/users/mamt4real/gists{/gist_id}","starred_url":"https://api.github.com/users/mamt4real/starred{/owner}{/repo}","subscriptions_url":"https://api.github.com/users/mamt4real/subscriptions","organizations_url":"https://api.github.com/users/mamt4real/orgs","repos_url":"https://api.github.com/users/mamt4real/repos","events_url":"https://api.github.com/users/mamt4real/events{/privacy}","received_events_url":"https://api.github.com/users/mamt4real/received_events","type":"User","site_admin":false,"name":"MAHADI ABUHURAIRA","company":"AAIT","blog":"https://mamt4real.web.app","location":"ZARIA","email":null,"hireable":null,"bio":"I am Mahadi Abuhuraira a computer scientist, a mathematician, a programmer and a problem solver.","twitter_username":"mamt4real","public_repos":45,"public_gists":0,"followers":80,"following":65,"created_at":"2020-03-04T11:49:12Z","updated_at":"2023-08-06T15:26:17Z","private_gists":0,"total_private_repos":5,"owned_private_repos":5,"disk_usage":45179,"collaborators":1,"two_factor_authentication":true,"plan":{"name":"free","space":976562499,"collaborators":0,"private_repos":10000}}
[info] 
[info] +  Success! Logged into GitHub as mamt4real 
[info] 
